<?xml version="1.0" encoding="UTF-8"?>
<!-- Generated by org.testng.reporters.JUnitReportReporter -->
<testsuite hostname="NavyaPC" failures="0" tests="1" name="TestClass" time="0.010" errors="0" timestamp="2023-02-23T16:26:25 IST" skipped="0">
  <testcase classname="TestClass" name="displayMsg" time="0.010"/>
  <system-out/>
</testsuite> <!-- TestClass -->
