<?xml version="1.0" encoding="UTF-8"?>
<!-- Generated by org.testng.reporters.JUnitReportReporter -->
<testsuite hostname="NavyaPC" failures="0" tests="2" name="TestPackage.TestClass" time="0.015" errors="0" timestamp="2023-02-24T13:47:54 IST" skipped="0">
  <testcase classname="TestPackage.TestClass" name="testcase02" time="0.001"/>
  <system-out/>
  <testcase classname="TestPackage.TestClass" name="testcase01" time="0.014"/>
  <system-out/>
</testsuite> <!-- TestPackage.TestClass -->
